Using pre-set license
Built from '2021.1/staging' branch; Version is '2021.1.2f1 (e5d502d80fbb) revision 15062274'; Using compiler version '192528614'; Build Type 'Release'
OS: 'Windows 10 Pro N; OS build 19042.1110; Version 2009; 64bit' Language: 'es' Physical Memory: 15291 MB
BatchMode: 1, IsHumanControllingUs: 0, StartBugReporterOnCrash: 0, Is64bit: 1, IsPro: 0

 COMMAND LINE ARGUMENTS:
C:\Program Files\Unity\Hub\Editor\2021.1.2f1\Editor\Unity.exe
-adb2
-batchMode
-noUpm
-name
AssetImportWorker0
-projectPath
D:/1proyectos/Game/project/sunofes2021/integration/SunoFes2021
-logFile
Logs/AssetImportWorker0.log
-srvPort
56740
Successfully changed project path to: D:/1proyectos/Game/project/sunofes2021/integration/SunoFes2021
D:/1proyectos/Game/project/sunofes2021/integration/SunoFes2021
Using Asset Import Pipeline V2.
Refreshing native plugins compatible for Editor in 130.32 ms, found 2 plugins.
Preloading 0 native plugins for Editor in 0.00 ms.
Initialize engine version: 2021.1.2f1 (e5d502d80fbb)
[Subsystems] Discovering subsystems at path C:/Program Files/Unity/Hub/Editor/2021.1.2f1/Editor/Data/Resources/UnitySubsystems
[Subsystems] Discovering subsystems at path D:/1proyectos/Game/project/sunofes2021/integration/SunoFes2021/Assets
GfxDevice: creating device client; threaded=0; jobified=0
Direct3D:
    Version:  Direct3D 11.0 [level 11.1]
    Renderer: AMD Radeon(TM) RX Vega 11 Graphics (ID=0x15dd)
    Vendor:   ATI
    VRAM:     7645 MB
    Driver:   27.20.14536.3
Initialize mono
Mono path[0] = 'C:/Program Files/Unity/Hub/Editor/2021.1.2f1/Editor/Data/Managed'
Mono path[1] = 'C:/Program Files/Unity/Hub/Editor/2021.1.2f1/Editor/Data/MonoBleedingEdge/lib/mono/unityjit'
Mono config path = 'C:/Program Files/Unity/Hub/Editor/2021.1.2f1/Editor/Data/MonoBleedingEdge/etc'
Using monoOptions --debugger-agent=transport=dt_socket,embedding=1,server=y,suspend=n,address=127.0.0.1:56864
Begin MonoManager ReloadAssembly
Registering precompiled unity dll's ...
Register platform support module: C:/Program Files/Unity/Hub/Editor/2021.1.2f1/Editor/Data/PlaybackEngines/WebGLSupport/UnityEditor.WebGL.Extensions.dll
Register platform support module: C:/Program Files/Unity/Hub/Editor/2021.1.2f1/Editor/Data/PlaybackEngines/WindowsStandaloneSupport/UnityEditor.WindowsStandalone.Extensions.dll
Registered in 0.003644 seconds.
Native extension for WindowsStandalone target not found
Native extension for WebGL target not found
Refreshing native plugins compatible for Editor in 140.07 ms, found 2 plugins.
Preloading 0 native plugins for Editor in 0.00 ms.
Mono: successfully reloaded assembly
- Completed reload, in  2.677 seconds
Platform modules already initialized, skipping
Registering precompiled user dll's ...
Registered in 0.004667 seconds.
Begin MonoManager ReloadAssembly
Native extension for WindowsStandalone target not found
Native extension for WebGL target not found
Refreshing native plugins compatible for Editor in 132.28 ms, found 2 plugins.
Preloading 0 native plugins for Editor in 0.00 ms.
Mono: successfully reloaded assembly
- Completed reload, in  1.764 seconds
Platform modules already initialized, skipping
========================================================================
Worker process is ready to serve import requests
Launched and connected shader compiler UnityShaderCompiler.exe after 0.06 seconds
Refreshing native plugins compatible for Editor in 0.89 ms, found 2 plugins.
Preloading 0 native plugins for Editor in 0.00 ms.
Unloading 4573 Unused Serialized files (Serialized files now loaded: 0)
System memory in use before: 169.1 MB.
System memory in use after: 169.2 MB.

Unloading 36 unused Assets to reduce memory usage. Loaded Objects now: 5021.
Total: 3.637000 ms (FindLiveObjects: 0.404300 ms CreateObjectMapping: 0.156500 ms MarkObjects: 2.917900 ms  DeleteObjects: 0.156700 ms)

========================================================================
Received Import Request.
  path: Assets/Novel/Script001.nani
  artifactKey: Guid(15f6dff344f56854a8b848aa2e91cb27) Importer(815301076,1909f56bfc062723c751e8b465ee728b)
Start importing Assets/Novel/Script001.nani using Guid(15f6dff344f56854a8b848aa2e91cb27) Importer(815301076,1909f56bfc062723c751e8b465ee728b)  -> (artifact id: '1da2c8ecf90995e9ce9ceaf92ff78add') in 0.104300 seconds 
========================================================================
Received Import Request.
  Time since last request: 6023.889729 seconds.
  path: Assets/Birdie_Examine.asset
  artifactKey: Guid(7f61c2fa40b3a194685cb3daee987190) Importer(815301076,1909f56bfc062723c751e8b465ee728b)
Start importing Assets/Birdie_Examine.asset using Guid(7f61c2fa40b3a194685cb3daee987190) Importer(815301076,1909f56bfc062723c751e8b465ee728b)  -> (artifact id: '17b815fadb199c6f4f10f237faabe68c') in 0.017593 seconds 
========================================================================
Received Import Request.
  Time since last request: 8.884154 seconds.
  path: Assets/Birdie_Examine.asset
  artifactKey: Guid(7f61c2fa40b3a194685cb3daee987190) Importer(815301076,1909f56bfc062723c751e8b465ee728b)
Start importing Assets/Birdie_Examine.asset using Guid(7f61c2fa40b3a194685cb3daee987190) Importer(815301076,1909f56bfc062723c751e8b465ee728b)  -> (artifact id: 'e457ea7b1718542c4c0e859c39dc8177') in 0.004854 seconds 
========================================================================
Received Import Request.
  Time since last request: 5.501890 seconds.
  path: Assets/Birdie_Examine.asset
  artifactKey: Guid(7f61c2fa40b3a194685cb3daee987190) Importer(815301076,1909f56bfc062723c751e8b465ee728b)
Start importing Assets/Birdie_Examine.asset using Guid(7f61c2fa40b3a194685cb3daee987190) Importer(815301076,1909f56bfc062723c751e8b465ee728b)  -> (artifact id: 'd0684d9744551988cc3ec483b4c66e93') in 0.006337 seconds 
